querying the database...
querying the database...
querying the database...
querying the database...
querying the database...
querying the database...
querying the database...
querying the database...
querying the database...
querying the database...
querying the database...
querying the database...
querying the database...
querying the database...
querying the database...
querying the database...
querying the database...
querying the database...
querying the database...
querying the database...
querying the database...
querying the database...
querying the database...
querying the database...
querying the database...
querying the database...
querying the database...
querying the database...
querying the database...
querying the database...
querying the database...
querying the database...
querying the database...
querying the database...
querying the database...
querying the database...
querying the database...
querying the database...
querying the database...
querying the database...
0it [00:00, ?it/s]querying the database...
querying the database...
querying the database...
query time: 18.54s
fetching rows...

done
querying the database...
query time: 18.73s
fetching rows...

done
querying the database...
query time: 18.68s
fetching rows...

done
query time: 18.45s
fetching rows...

done
querying the database...
querying the database...
query time: 18.66s
fetching rows...

done
querying the database...
query time: 19.09s
fetching rows...

done
querying the database...
query time: 19.01s
fetching rows...

done
querying the database...
query time: 19.11s
fetching rows...

done
query time: 19.24s
fetching rows...

done
querying the database...
querying the database...
query time: 19.45s
fetching rows...

done
querying the database...
query time: 19.62s
fetching rows...

done
querying the database...
query time: 19.49s
fetching rows...

done
querying the database...
query time: 19.82s
fetching rows...

done
querying the database...
query time: 19.87s
fetching rows...

done
querying the database...
query time: 19.93s
fetching rows...

done
querying the database...
query time: 20.12s
fetching rows...

done
querying the database...
query time: 20.67s
fetching rows...

done
querying the database...
query time: 20.81s
fetching rows...

done
querying the database...
query time: 21.62s
fetching rows...

done
querying the database...
query time: 21.54s
fetching rows...

done
querying the database...
query time: 22.61s
fetching rows...

done
querying the database...
query time: 23.23s
fetching rows...

done
querying the database...
query time: 23.60s
fetching rows...

done
querying the database...
query time: 23.79s
fetching rows...

done
querying the database...
query time: 24.47s
fetching rows...

done
querying the database...
query time: 26.39s
fetching rows...

done
querying the database...
query time: 26.86s
fetching rows...

done
querying the database...
query time: 27.99s
fetching rows...

done
querying the database...
query time: 33.53s
fetching rows...

done
querying the database...
query time: 33.45s
fetching rows...

done
querying the database...
query time: 34.07s
fetching rows...

done
querying the database...
query time: 34.14s
fetching rows...

done
querying the database...
query time: 34.12s
fetching rows...

done
querying the database...
query time: 34.07s
fetching rows...

done
querying the database...
query time: 34.08s
fetching rows...

done
querying the database...
query time: 34.29s
fetching rows...

done
querying the database...
query time: 34.74s
fetching rows...

done
querying the database...
query time: 34.95s
fetching rows...

done
querying the database...
query time: 36.34s
fetching rows...

done
querying the database...
query time: 37.52s
fetching rows...

done
querying the database...
query time: 38.48s
fetching rows...

done
querying the database...
query time: 40.14s
fetching rows...

done
querying the database...
query time: 22.36s
fetching rows...query time: 22.19s
fetching rows...query time: 22.11s
fetching rows...


query time: 22.10s
fetching rows...

done

done
query time: 21.64s
fetching rows...

done

done

done
querying the database...
querying the database...
querying the database...
querying the database...
querying the database...
query time: 22.02s
fetching rows...

done
querying the database...
query time: 21.95s
fetching rows...

done
querying the database...
query time: 21.47s
fetching rows...

done
querying the database...
query time: 21.52s
fetching rows...

done
querying the database...
query time: 21.84s
fetching rows...

done
querying the database...
query time: 22.16s
fetching rows...

done
querying the database...
query time: 41.89s
fetching rows...

done
querying the database...
query time: 21.83s
fetching rows...

done
querying the database...
query time: 22.37s
fetching rows...

done
querying the database...
query time: 21.79s
fetching rows...

done
querying the database...
query time: 23.53s
fetching rows...

done
querying the database...
query time: 26.08s
fetching rows...

done
querying the database...
query time: 25.49s
fetching rows...

done
querying the database...
query time: 24.97s
fetching rows...

done
querying the database...
query time: 25.79s
fetching rows...

done
querying the database...
query time: 23.21s
fetching rows...

done
querying the database...
query time: 26.85s
fetching rows...

done
querying the database...
query time: 26.57s
fetching rows...

done
querying the database...
query time: 29.67s
fetching rows...

done
querying the database...
query time: 27.05s
fetching rows...

done
querying the database...
query time: 28.08s
fetching rows...

done
querying the database...
query time: 29.30s
fetching rows...

done
querying the database...
query time: 33.73s
fetching rows...

done
querying the database...
query time: 41.65s
fetching rows...

done
querying the database...
query time: 26.66s
fetching rows...query time: 27.07s
fetching rows...

query time: 27.05s
fetching rows...query time: 27.07s
fetching rows...

query time: 27.07s
fetching rows...

done

done

done
query time: 27.07s
fetching rows...

done

done
query time: 26.69s
fetching rows...query time: 27.07s
fetching rows...
done


query time: 26.75s
fetching rows...

done

done

done
query time: 26.43s
fetching rows...

done
query time: 26.34s
fetching rows...

done
query time: 26.97s
fetching rows...

done
query time: 26.26s
fetching rows...

done
query time: 26.34s
fetching rows...

done
query time: 26.20s
fetching rows...

done
query time: 35.08s
fetching rows...

done
querying the database...
query time: 39.11s
fetching rows...

done
querying the database...
query time: 39.17s
fetching rows...

done
querying the database...
query time: 39.17s
fetching rows...
query time: 39.05s
fetching rows...

done

done
querying the database...
querying the database...
query time: 39.06s
fetching rows...

done
querying the database...
query time: 39.15s
fetching rows...

done
querying the database...
query time: 39.31s
fetching rows...

done
querying the database...
query time: 32.54s
fetching rows...

done
query time: 39.13s
fetching rows...

done
querying the database...
query time: 28.70s
fetching rows...

done
query time: 39.15s
fetching rows...

done
querying the database...
query time: 30.39s
fetching rows...

done
query time: 28.68s
fetching rows...

done
query time: 40.06s
fetching rows...

done
querying the database...
query time: 31.45s
fetching rows...

done
query time: 44.67s
fetching rows...

done
querying the database...
query time: 39.01s
fetching rows...

done
querying the database...
query time: 44.51s
fetching rows...

done
querying the database...
query time: 31.97s
fetching rows...

done
query time: 32.03s
fetching rows...

done
query time: 25.42s
fetching rows...

done
query time: 32.30s
fetching rows...

done
query time: 30.53s
fetching rows...

done
query time: 34.95s
fetching rows...

done
query time: 45.31s
fetching rows...

done
querying the database...
query time: 30.73s
fetching rows...

done
query time: 37.00s
fetching rows...

done
query time: 39.50s
fetching rows...

done
query time: 45.51s
fetching rows...

done
query time: 45.58s
fetching rows...

done
query time: 45.44s
fetching rows...

done
query time: 45.60s
fetching rows...

done
1it [01:58, 118.51s/it]query time: 45.50s
fetching rows...

done
query time: 45.53s
fetching rows...

done
query time: 45.40s
fetching rows...

done
query time: 45.70s
fetching rows...

done
query time: 45.51s
fetching rows...

done
query time: 44.05s
fetching rows...

done
query time: 45.01s
fetching rows...

done
query time: 45.26s
fetching rows...

done
query time: 45.17s
fetching rows...

done
query time: 40.96s
fetching rows...

done
5it [02:07, 19.64s/it] 43it [02:07,  2.97s/it]
